<?xml version="1.0" encoding="UTF-8"?>
<testng-results ignored="0" total="3" passed="3" failed="0" skipped="0">
  <reporter-output>
  </reporter-output>
  <suite started-at="2023-07-01T19:14:51 IST" name="JRSuite" finished-at="2023-07-01T19:14:51 IST" duration-ms="84">
    <groups>
    </groups>
    <test started-at="2023-07-01T19:14:51 IST" name="Test" finished-at="2023-07-01T19:14:51 IST" duration-ms="84">
      <class name="com.tests.TestCase1">
        <test-method is-config="true" signature="browserLaunch()[pri:0, instance:com.tests.TestCase1@5afa3c9]" started-at="2023-07-01T19:14:51 IST" name="browserLaunch" finished-at="2023-07-01T19:14:51 IST" duration-ms="19" status="PASS">
          <reporter-output>
          </reporter-output>
        </test-method> <!-- browserLaunch -->
        <test-method signature="test1()[pri:0, instance:com.tests.TestCase1@5afa3c9]" started-at="2023-07-01T19:14:51 IST" name="test1" finished-at="2023-07-01T19:14:51 IST" duration-ms="22" status="PASS">
          <reporter-output>
          </reporter-output>
        </test-method> <!-- test1 -->
        <test-method signature="test2()[pri:0, instance:com.tests.TestCase1@5afa3c9]" started-at="2023-07-01T19:14:51 IST" name="test2" finished-at="2023-07-01T19:14:51 IST" duration-ms="1" status="PASS">
          <reporter-output>
          </reporter-output>
        </test-method> <!-- test2 -->
        <test-method signature="test3()[pri:0, instance:com.tests.TestCase1@5afa3c9]" started-at="2023-07-01T19:14:51 IST" name="test3" finished-at="2023-07-01T19:14:51 IST" duration-ms="1" status="PASS">
          <reporter-output>
          </reporter-output>
        </test-method> <!-- test3 -->
        <test-method is-config="true" signature="browserClose()[pri:0, instance:com.tests.TestCase1@5afa3c9]" started-at="2023-07-01T19:14:52 IST" name="browserClose" finished-at="2023-07-01T19:14:52 IST" duration-ms="0" status="PASS">
          <reporter-output>
          </reporter-output>
        </test-method> <!-- browserClose -->
      </class> <!-- com.tests.TestCase1 -->
    </test> <!-- Test -->
  </suite> <!-- JRSuite -->
</testng-results>
